Using pre-set license
Built from '2020.3/staging' branch; Version is '2020.3.28f1 (f5400f52e03f) revision 16072719'; Using compiler version '192528614'; Build Type 'Release'
OS: 'Windows 10  (10.0.19044) 64bit Professional' Language: 'ru' Physical Memory: 7862 MB
BatchMode: 1, IsHumanControllingUs: 0, StartBugReporterOnCrash: 0, Is64bit: 1, IsPro: 0

COMMAND LINE ARGUMENTS:
C:\Program Files\2020.3.28f1\Editor\Unity.exe
-adb2
-batchMode
-noUpm
-name
AssetImportWorker0
-projectPath
D:/Games/Unity/My project
-logFile
Logs/AssetImportWorker0.log
-srvPort
58922
Successfully changed project path to: D:/Games/Unity/My project
D:/Games/Unity/My project
Using Asset Import Pipeline V2.
Refreshing native plugins compatible for Editor in 76.70 ms, found 2 plugins.
Preloading 0 native plugins for Editor in 0.00 ms.
Initialize engine version: 2020.3.28f1 (f5400f52e03f)
[Subsystems] Discovering subsystems at path C:/Program Files/2020.3.28f1/Editor/Data/Resources/UnitySubsystems
[Subsystems] Discovering subsystems at path D:/Games/Unity/My project/Assets
GfxDevice: creating device client; threaded=0
Direct3D:
    Version:  Direct3D 11.0 [level 10.0]
    Renderer: Intel(R) HD Graphics (ID=0x46)
    Vendor:   
    VRAM:     627 MB
    Driver:   8.15.10.2900
Initialize mono
Mono path[0] = 'C:/Program Files/2020.3.28f1/Editor/Data/Managed'
Mono path[1] = 'C:/Program Files/2020.3.28f1/Editor/Data/MonoBleedingEdge/lib/mono/unityjit'
Mono config path = 'C:/Program Files/2020.3.28f1/Editor/Data/MonoBleedingEdge/etc'
Using monoOptions --debugger-agent=transport=dt_socket,embedding=1,server=y,suspend=n,address=127.0.0.1:56720
Begin MonoManager ReloadAssembly
Registering precompiled unity dll's ...
Register platform support module: C:/Program Files/2020.3.28f1/Editor/Data/PlaybackEngines/WebGLSupport/UnityEditor.WebGL.Extensions.dll
Register platform support module: C:/Program Files/2020.3.28f1/Editor/Data/PlaybackEngines/WindowsStandaloneSupport/UnityEditor.WindowsStandalone.Extensions.dll
Registered in 0.006350 seconds.
Native extension for WindowsStandalone target not found
Native extension for WebGL target not found
Refreshing native plugins compatible for Editor in 1207.31 ms, found 2 plugins.
Preloading 0 native plugins for Editor in 0.00 ms.
Mono: successfully reloaded assembly
- Completed reload, in  2.822 seconds
Domain Reload Profiling:
	ReloadAssembly (2822ms)
		BeginReloadAssembly (174ms)
			ExecutionOrderSort (0ms)
			DisableScriptedObjects (0ms)
			BackupInstance (0ms)
			ReleaseScriptingObjects (0ms)
			CreateAndSetChildDomain (2ms)
		EndReloadAssembly (2458ms)
			LoadAssemblies (169ms)
			RebuildTransferFunctionScriptingTraits (0ms)
			SetupTypeCache (389ms)
			ReleaseScriptCaches (0ms)
			RebuildScriptCaches (83ms)
			SetupLoadedEditorAssemblies (1729ms)
				LogAssemblyErrors (0ms)
				InitializePlatformSupportModulesInManaged (16ms)
				SetLoadedEditorAssemblies (1ms)
				RefreshPlugins (1208ms)
				BeforeProcessingInitializeOnLoad (39ms)
				ProcessInitializeOnLoadAttributes (348ms)
				ProcessInitializeOnLoadMethodAttributes (117ms)
				AfterProcessingInitializeOnLoad (0ms)
				EditorAssembliesLoaded (1ms)
			ExecutionOrderSort2 (0ms)
			AwakeInstancesAfterBackupRestoration (0ms)
Platform modules already initialized, skipping
Registering precompiled user dll's ...
Registered in 0.009674 seconds.
Begin MonoManager ReloadAssembly
Native extension for WindowsStandalone target not found
Native extension for WebGL target not found
Refreshing native plugins compatible for Editor in 1.25 ms, found 2 plugins.
Preloading 0 native plugins for Editor in 0.00 ms.
Mono: successfully reloaded assembly
- Completed reload, in  3.399 seconds
Domain Reload Profiling:
	ReloadAssembly (3402ms)
		BeginReloadAssembly (665ms)
			ExecutionOrderSort (0ms)
			DisableScriptedObjects (19ms)
			BackupInstance (0ms)
			ReleaseScriptingObjects (0ms)
			CreateAndSetChildDomain (72ms)
		EndReloadAssembly (2501ms)
			LoadAssemblies (415ms)
			RebuildTransferFunctionScriptingTraits (0ms)
			SetupTypeCache (874ms)
			ReleaseScriptCaches (1ms)
			RebuildScriptCaches (118ms)
			SetupLoadedEditorAssemblies (924ms)
				LogAssemblyErrors (0ms)
				InitializePlatformSupportModulesInManaged (17ms)
				SetLoadedEditorAssemblies (1ms)
				RefreshPlugins (1ms)
				BeforeProcessingInitializeOnLoad (193ms)
				ProcessInitializeOnLoadAttributes (670ms)
				ProcessInitializeOnLoadMethodAttributes (23ms)
				AfterProcessingInitializeOnLoad (18ms)
				EditorAssembliesLoaded (1ms)
			ExecutionOrderSort2 (0ms)
			AwakeInstancesAfterBackupRestoration (18ms)
Platform modules already initialized, skipping
========================================================================
Worker process is ready to serve import requests
Launched and connected shader compiler UnityShaderCompiler.exe after 0.10 seconds
Refreshing native plugins compatible for Editor in 1.02 ms, found 2 plugins.
Preloading 0 native plugins for Editor in 0.00 ms.
Unloading 1513 Unused Serialized files (Serialized files now loaded: 0)
System memory in use before: 67.7 MB.
System memory in use after: 67.8 MB.

Unloading 19 unused Assets to reduce memory usage. Loaded Objects now: 1944.
Total: 6.341200 ms (FindLiveObjects: 0.295600 ms CreateObjectMapping: 0.120600 ms MarkObjects: 5.773200 ms  DeleteObjects: 0.148800 ms)

AssetImportParameters requested are different than current active one (requested -> active):
  custom:framework-win-MediaFoundation: 216162199b28c13a410421893ffa2e32 -> 
  custom:video-decoder-ogg-theora: a1e56fd34408186e4bbccfd4996cb3dc -> 
  custom:container-muxer-webm: aa71ff27fc2769a1b78a27578f13a17b -> 
  custom:container-demuxer-webm: 4f35f7cbe854078d1ac9338744f61a02 -> 
  custom:container-demuxer-ogg: 62fdf1f143b41e24485cea50d1cbac27 -> 
  custom:video-encoder-webm-vp8: eb34c28f22e8b96e1ab97ce403110664 -> 
  custom:video-decoder-webm-vp8: 9c59270c3fd7afecdb556c50c9e8de78 -> 
  custom:audio-decoder-ogg-vorbis: bf7c407c2cedff20999df2af8eb42d56 -> 
  custom:audio-encoder-webm-vorbis: bf7c407c2cedff20999df2af8eb42d56 -> 
========================================================================
Received Import Request.
  path: Assets/Scenes/Main.unity
  artifactKey: Guid(dfd7c28202e6b40c0b1df915720f04fb) Importer(815301076,1909f56bfc062723c751e8b465ee728b)
Start importing Assets/Scenes/Main.unity using Guid(dfd7c28202e6b40c0b1df915720f04fb) Importer(815301076,1909f56bfc062723c751e8b465ee728b)  -> (artifact id: 'b13770082afa90c0eda2aaf0c2a474d5') in 0.041849 seconds 
  Import took 0.047789 seconds .

========================================================================
Received Import Request.
  Time since last request: 0.000393 seconds.
  path: Assets/Scenes
  artifactKey: Guid(90aeedd396ee84a95b4ca8ae32c88a41) Importer(815301076,1909f56bfc062723c751e8b465ee728b)
Start importing Assets/Scenes using Guid(90aeedd396ee84a95b4ca8ae32c88a41) Importer(815301076,1909f56bfc062723c751e8b465ee728b)  -> (artifact id: '1d062d2303a6e47d418fe2cb8bf05841') in 0.002647 seconds 
  Import took 0.008747 seconds .

========================================================================
Received Import Request.
  Time since last request: 2.484780 seconds.
  path: Assets/Scenes/SampleScene.unity
  artifactKey: Guid(9fc0d4010bbf28b4594072e72b8655ab) Importer(815301076,1909f56bfc062723c751e8b465ee728b)
Start importing Assets/Scenes/SampleScene.unity using Guid(9fc0d4010bbf28b4594072e72b8655ab) Importer(815301076,1909f56bfc062723c751e8b465ee728b)  -> (artifact id: '85059f4f9e1a832ed95adaa0d25c5c4c') in 0.004684 seconds 
  Import took 0.010951 seconds .

========================================================================
Received Import Request.
  Time since last request: 40.031504 seconds.
  path: Assets/Prefabs
  artifactKey: Guid(3ec8ae0f6044a41c0bab778e8db71f2e) Importer(815301076,1909f56bfc062723c751e8b465ee728b)
Start importing Assets/Prefabs using Guid(3ec8ae0f6044a41c0bab778e8db71f2e) Importer(815301076,1909f56bfc062723c751e8b465ee728b)  -> (artifact id: 'b5d595ed84775a35e42623bd4d568e64') in 0.003557 seconds 
  Import took 0.010236 seconds .

========================================================================
Received Import Request.
  Time since last request: 0.088577 seconds.
  path: Assets/Prefabs/BishopBlack.prefab
  artifactKey: Guid(9fbaf3c5b38c8464f9df18844447db85) Importer(815301076,1909f56bfc062723c751e8b465ee728b)
Start importing Assets/Prefabs/BishopBlack.prefab using Guid(9fbaf3c5b38c8464f9df18844447db85) Importer(815301076,1909f56bfc062723c751e8b465ee728b)  -> (artifact id: 'ecb06fc27e811feeb3349837cdad9b74') in 0.898150 seconds 
  Import took 0.903436 seconds .

========================================================================
Received Import Request.
  Time since last request: 0.000413 seconds.
  path: Assets/Prefabs/ChessBoard.prefab
  artifactKey: Guid(39a2cd61c4c1c4144b0758fefde2e154) Importer(815301076,1909f56bfc062723c751e8b465ee728b)
Start importing Assets/Prefabs/ChessBoard.prefab using Guid(39a2cd61c4c1c4144b0758fefde2e154) Importer(815301076,1909f56bfc062723c751e8b465ee728b)  -> (artifact id: '9bb65825b34f3227556d6b16606c8ac4') in 0.055180 seconds 
  Import took 0.061075 seconds .

========================================================================
Received Import Request.
  Time since last request: 0.000419 seconds.
  path: Assets/Prefabs/BishopWhite.prefab
  artifactKey: Guid(27727deede5194cdba8c2ebab33ecaab) Importer(815301076,1909f56bfc062723c751e8b465ee728b)
Start importing Assets/Prefabs/BishopWhite.prefab using Guid(27727deede5194cdba8c2ebab33ecaab) Importer(815301076,1909f56bfc062723c751e8b465ee728b)  -> (artifact id: 'acc30642698cbad9bca5a56a285cbced') in 0.053687 seconds 
  Import took 0.059829 seconds .

========================================================================
Received Import Request.
  Time since last request: 0.000424 seconds.
  path: Assets/Prefabs/PawnBlack.prefab
  artifactKey: Guid(455e0d5008a5e426a96c3987ea4f82b6) Importer(815301076,1909f56bfc062723c751e8b465ee728b)
Start importing Assets/Prefabs/PawnBlack.prefab using Guid(455e0d5008a5e426a96c3987ea4f82b6) Importer(815301076,1909f56bfc062723c751e8b465ee728b)  -> (artifact id: '5a932e6dbf856a248f047518c015ff5f') in 0.101397 seconds 
  Import took 0.107145 seconds .

========================================================================
Received Import Request.
  Time since last request: 0.000510 seconds.
  path: Assets/Prefabs/KnightBlack.prefab
  artifactKey: Guid(fff2331e5321f4f49ab37c84b68ba184) Importer(815301076,1909f56bfc062723c751e8b465ee728b)
Start importing Assets/Prefabs/KnightBlack.prefab using Guid(fff2331e5321f4f49ab37c84b68ba184) Importer(815301076,1909f56bfc062723c751e8b465ee728b)  -> (artifact id: '728a23f20efaa436ae67972525a6b0d6') in 0.039134 seconds 
  Import took 0.048076 seconds .

========================================================================
Received Import Request.
  Time since last request: 0.000540 seconds.
  path: Assets/Prefabs/Selection-Red.prefab
  artifactKey: Guid(c4a2ba9f320f1459996f001bc0387b40) Importer(815301076,1909f56bfc062723c751e8b465ee728b)
Start importing Assets/Prefabs/Selection-Red.prefab using Guid(c4a2ba9f320f1459996f001bc0387b40) Importer(815301076,1909f56bfc062723c751e8b465ee728b)  -> (artifact id: '8de2ba2b6c3f0c978a1546f55cc405c1') in 0.046402 seconds 
  Import took 0.054895 seconds .

========================================================================
Received Import Request.
  Time since last request: 0.000527 seconds.
  path: Assets/Prefabs/RookBlack.prefab
  artifactKey: Guid(c13dffa2e41e349c78351ec06686dc75) Importer(815301076,1909f56bfc062723c751e8b465ee728b)
Start importing Assets/Prefabs/RookBlack.prefab using Guid(c13dffa2e41e349c78351ec06686dc75) Importer(815301076,1909f56bfc062723c751e8b465ee728b)  -> (artifact id: '285bf8029e6ec6eeb14c3a110bd4b62a') in 0.102248 seconds 
  Import took 0.107780 seconds .

========================================================================
Received Import Request.
  Time since last request: 0.000471 seconds.
  path: Assets/Prefabs/Selection-Blue.prefab
  artifactKey: Guid(4cb3dfa64c6fa4774b49468d68a0845b) Importer(815301076,1909f56bfc062723c751e8b465ee728b)
Start importing Assets/Prefabs/Selection-Blue.prefab using Guid(4cb3dfa64c6fa4774b49468d68a0845b) Importer(815301076,1909f56bfc062723c751e8b465ee728b)  -> (artifact id: '290722dcbd4aa6eb2ab2e7a5272d7df2') in 0.040103 seconds 
  Import took 0.046495 seconds .

========================================================================
Received Import Request.
  Time since last request: 0.000509 seconds.
  path: Assets/Prefabs/PawnWhite.prefab
  artifactKey: Guid(e8b76efea0e604eb5afd123b073ea8fd) Importer(815301076,1909f56bfc062723c751e8b465ee728b)
Start importing Assets/Prefabs/PawnWhite.prefab using Guid(e8b76efea0e604eb5afd123b073ea8fd) Importer(815301076,1909f56bfc062723c751e8b465ee728b)  -> (artifact id: '76d1ca09eb341039b446d4694f44f9dc') in 0.093907 seconds 
  Import took 0.100115 seconds .

========================================================================
Received Import Request.
  Time since last request: 0.000436 seconds.
  path: Assets/Prefabs/KingBlack.prefab
  artifactKey: Guid(53ab43e1f4f674178b234d7ca733a67b) Importer(815301076,1909f56bfc062723c751e8b465ee728b)
Start importing Assets/Prefabs/KingBlack.prefab using Guid(53ab43e1f4f674178b234d7ca733a67b) Importer(815301076,1909f56bfc062723c751e8b465ee728b)  -> (artifact id: 'ec97ccdda2ccbcdf26a60d6034f4d703') in 0.045696 seconds 
  Import took 0.050940 seconds .

========================================================================
Received Import Request.
  Time since last request: 0.001178 seconds.
  path: Assets/Prefabs/RookWhite.prefab
  artifactKey: Guid(eafb872984133466d8325974f39dd911) Importer(815301076,1909f56bfc062723c751e8b465ee728b)
Start importing Assets/Prefabs/RookWhite.prefab using Guid(eafb872984133466d8325974f39dd911) Importer(815301076,1909f56bfc062723c751e8b465ee728b)  -> (artifact id: '5f0999e4aac11b8c68a99a7ef032467a') in 0.082883 seconds 
  Import took 0.089665 seconds .

========================================================================
Received Import Request.
  Time since last request: 0.000548 seconds.
  path: Assets/Prefabs/KingWhite.prefab
  artifactKey: Guid(286f8291ea775409f91f3dcc8dc0e06c) Importer(815301076,1909f56bfc062723c751e8b465ee728b)
Start importing Assets/Prefabs/KingWhite.prefab using Guid(286f8291ea775409f91f3dcc8dc0e06c) Importer(815301076,1909f56bfc062723c751e8b465ee728b)  -> (artifact id: 'beae50fbe701f81b8abbacb17cae00f5') in 0.086975 seconds 
  Import took 0.093890 seconds .

========================================================================
Received Import Request.
  Time since last request: 0.000440 seconds.
  path: Assets/Prefabs/QueenWhite.prefab
  artifactKey: Guid(348ae07a400ab45c5afcbe22039e9d5e) Importer(815301076,1909f56bfc062723c751e8b465ee728b)
Start importing Assets/Prefabs/QueenWhite.prefab using Guid(348ae07a400ab45c5afcbe22039e9d5e) Importer(815301076,1909f56bfc062723c751e8b465ee728b)  -> (artifact id: '67e04a8557a741a81ddc0ae0bfa66a54') in 0.086781 seconds 
  Import took 0.092591 seconds .

========================================================================
Received Import Request.
  Time since last request: 0.000395 seconds.
  path: Assets/Prefabs/QueenBlack.prefab
  artifactKey: Guid(ab99aa115f3ec44a99e16326ecb700b2) Importer(815301076,1909f56bfc062723c751e8b465ee728b)
Start importing Assets/Prefabs/QueenBlack.prefab using Guid(ab99aa115f3ec44a99e16326ecb700b2) Importer(815301076,1909f56bfc062723c751e8b465ee728b)  -> (artifact id: 'cc419fff639f1586ec15d59bac4bdda4') in 0.046667 seconds 
  Import took 0.052564 seconds .

========================================================================
Received Import Request.
  Time since last request: 0.000497 seconds.
  path: Assets/Prefabs/Selection-Yellow.prefab
  artifactKey: Guid(e860aff6f484c47d7b713cbebd3ee5d3) Importer(815301076,1909f56bfc062723c751e8b465ee728b)
Start importing Assets/Prefabs/Selection-Yellow.prefab using Guid(e860aff6f484c47d7b713cbebd3ee5d3) Importer(815301076,1909f56bfc062723c751e8b465ee728b)  -> (artifact id: '3f260005f68e0674453589d4be7c6557') in 0.073248 seconds 
  Import took 0.080678 seconds .

========================================================================
Received Import Request.
  Time since last request: 0.000580 seconds.
  path: Assets/Prefabs/KnightWhite.prefab
  artifactKey: Guid(3768577674528430691fecf5a4660eb2) Importer(815301076,1909f56bfc062723c751e8b465ee728b)
Start importing Assets/Prefabs/KnightWhite.prefab using Guid(3768577674528430691fecf5a4660eb2) Importer(815301076,1909f56bfc062723c751e8b465ee728b)  -> (artifact id: '5d356c27d3a573bab42e421016803c60') in 0.098516 seconds 
  Import took 0.104302 seconds .

========================================================================
Received Import Request.
  Time since last request: 56.782126 seconds.
  path: Assets/Scripts/GameManager.cs
  artifactKey: Guid(0467ea60d08c74bf09df7bda660533e7) Importer(815301076,1909f56bfc062723c751e8b465ee728b)
Start importing Assets/Scripts/GameManager.cs using Guid(0467ea60d08c74bf09df7bda660533e7) Importer(815301076,1909f56bfc062723c751e8b465ee728b)  -> (artifact id: 'bd6a9d91b136c0869b9600acf775774a') in 0.067671 seconds 
  Import took 0.073152 seconds .

========================================================================
Received Prepare
Registering precompiled user dll's ...
Registered in 0.007552 seconds.
Begin MonoManager ReloadAssembly
Native extension for WindowsStandalone target not found
Native extension for WebGL target not found
Refreshing native plugins compatible for Editor in 0.96 ms, found 2 plugins.
Preloading 0 native plugins for Editor in 0.00 ms.
Mono: successfully reloaded assembly
- Completed reload, in  2.723 seconds
Domain Reload Profiling:
	ReloadAssembly (2724ms)
		BeginReloadAssembly (381ms)
			ExecutionOrderSort (0ms)
			DisableScriptedObjects (21ms)
			BackupInstance (0ms)
			ReleaseScriptingObjects (0ms)
			CreateAndSetChildDomain (92ms)
		EndReloadAssembly (2143ms)
			LoadAssemblies (310ms)
			RebuildTransferFunctionScriptingTraits (0ms)
			SetupTypeCache (866ms)
			ReleaseScriptCaches (2ms)
			RebuildScriptCaches (106ms)
			SetupLoadedEditorAssemblies (700ms)
				LogAssemblyErrors (0ms)
				InitializePlatformSupportModulesInManaged (14ms)
				SetLoadedEditorAssemblies (1ms)
				RefreshPlugins (1ms)
				BeforeProcessingInitializeOnLoad (122ms)
				ProcessInitializeOnLoadAttributes (523ms)
				ProcessInitializeOnLoadMethodAttributes (21ms)
				AfterProcessingInitializeOnLoad (18ms)
				EditorAssembliesLoaded (1ms)
			ExecutionOrderSort2 (0ms)
			AwakeInstancesAfterBackupRestoration (17ms)
Platform modules already initialized, skipping
Refreshing native plugins compatible for Editor in 0.88 ms, found 2 plugins.
Preloading 0 native plugins for Editor in 0.00 ms.
Unloading 1507 Unused Serialized files (Serialized files now loaded: 0)
System memory in use before: 70.8 MB.
System memory in use after: 70.9 MB.

Unloading 14 unused Assets to reduce memory usage. Loaded Objects now: 1954.
Total: 6.200000 ms (FindLiveObjects: 0.352200 ms CreateObjectMapping: 0.163200 ms MarkObjects: 5.634400 ms  DeleteObjects: 0.047200 ms)

AssetImportParameters requested are different than current active one (requested -> active):
  custom:framework-win-MediaFoundation: 216162199b28c13a410421893ffa2e32 -> 
  custom:video-decoder-ogg-theora: a1e56fd34408186e4bbccfd4996cb3dc -> 
  custom:container-muxer-webm: aa71ff27fc2769a1b78a27578f13a17b -> 
  custom:container-demuxer-webm: 4f35f7cbe854078d1ac9338744f61a02 -> 
  custom:container-demuxer-ogg: 62fdf1f143b41e24485cea50d1cbac27 -> 
  custom:video-encoder-webm-vp8: eb34c28f22e8b96e1ab97ce403110664 -> 
  custom:video-decoder-webm-vp8: 9c59270c3fd7afecdb556c50c9e8de78 -> 
  custom:audio-decoder-ogg-vorbis: bf7c407c2cedff20999df2af8eb42d56 -> 
  custom:audio-encoder-webm-vorbis: bf7c407c2cedff20999df2af8eb42d56 -> 
========================================================================
Received Import Request.
  Time since last request: 580.200414 seconds.
  path: Assets/Scripts/Board.cs
  artifactKey: Guid(1c2bdc2ddcf9444e79baeefcd40250d8) Importer(815301076,1909f56bfc062723c751e8b465ee728b)
Start importing Assets/Scripts/Board.cs using Guid(1c2bdc2ddcf9444e79baeefcd40250d8) Importer(815301076,1909f56bfc062723c751e8b465ee728b)  -> (artifact id: '1bef4e994f7ddb82268ca524e901edf6') in 0.009779 seconds 
  Import took 0.016423 seconds .

========================================================================
Received Prepare
Registering precompiled user dll's ...
Registered in 0.007054 seconds.
Begin MonoManager ReloadAssembly
Native extension for WindowsStandalone target not found
Native extension for WebGL target not found
Refreshing native plugins compatible for Editor in 0.91 ms, found 2 plugins.
Preloading 0 native plugins for Editor in 0.00 ms.
Mono: successfully reloaded assembly
- Completed reload, in  2.628 seconds
Domain Reload Profiling:
	ReloadAssembly (2629ms)
		BeginReloadAssembly (312ms)
			ExecutionOrderSort (0ms)
			DisableScriptedObjects (16ms)
			BackupInstance (0ms)
			ReleaseScriptingObjects (0ms)
			CreateAndSetChildDomain (78ms)
		EndReloadAssembly (2138ms)
			LoadAssemblies (317ms)
			RebuildTransferFunctionScriptingTraits (0ms)
			SetupTypeCache (827ms)
			ReleaseScriptCaches (2ms)
			RebuildScriptCaches (106ms)
			SetupLoadedEditorAssemblies (702ms)
				LogAssemblyErrors (0ms)
				InitializePlatformSupportModulesInManaged (15ms)
				SetLoadedEditorAssemblies (1ms)
				RefreshPlugins (1ms)
				BeforeProcessingInitializeOnLoad (128ms)
				ProcessInitializeOnLoadAttributes (515ms)
				ProcessInitializeOnLoadMethodAttributes (23ms)
				AfterProcessingInitializeOnLoad (17ms)
				EditorAssembliesLoaded (1ms)
			ExecutionOrderSort2 (0ms)
			AwakeInstancesAfterBackupRestoration (19ms)
Platform modules already initialized, skipping
Refreshing native plugins compatible for Editor in 0.95 ms, found 2 plugins.
Preloading 0 native plugins for Editor in 0.00 ms.
Unloading 1509 Unused Serialized files (Serialized files now loaded: 0)
System memory in use before: 70.9 MB.
System memory in use after: 71.0 MB.

Unloading 14 unused Assets to reduce memory usage. Loaded Objects now: 1958.
Total: 5.856400 ms (FindLiveObjects: 0.298300 ms CreateObjectMapping: 0.132000 ms MarkObjects: 5.371000 ms  DeleteObjects: 0.052500 ms)

AssetImportParameters requested are different than current active one (requested -> active):
  custom:framework-win-MediaFoundation: 216162199b28c13a410421893ffa2e32 -> 
  custom:video-decoder-ogg-theora: a1e56fd34408186e4bbccfd4996cb3dc -> 
  custom:container-muxer-webm: aa71ff27fc2769a1b78a27578f13a17b -> 
  custom:container-demuxer-webm: 4f35f7cbe854078d1ac9338744f61a02 -> 
  custom:container-demuxer-ogg: 62fdf1f143b41e24485cea50d1cbac27 -> 
  custom:video-encoder-webm-vp8: eb34c28f22e8b96e1ab97ce403110664 -> 
  custom:video-decoder-webm-vp8: 9c59270c3fd7afecdb556c50c9e8de78 -> 
  custom:audio-decoder-ogg-vorbis: bf7c407c2cedff20999df2af8eb42d56 -> 
  custom:audio-encoder-webm-vorbis: bf7c407c2cedff20999df2af8eb42d56 -> 
========================================================================
Received Import Request.
  Time since last request: 123.137898 seconds.
  path: Assets/Scripts/Board.cs
  artifactKey: Guid(1c2bdc2ddcf9444e79baeefcd40250d8) Importer(815301076,1909f56bfc062723c751e8b465ee728b)
Start importing Assets/Scripts/Board.cs using Guid(1c2bdc2ddcf9444e79baeefcd40250d8) Importer(815301076,1909f56bfc062723c751e8b465ee728b)  -> (artifact id: 'bbbf8c0404c3ee1a4c3ff2b49f10758c') in 0.008208 seconds 
  Import took 0.013213 seconds .

========================================================================
Received Prepare
Registering precompiled user dll's ...
Registered in 0.006603 seconds.
Begin MonoManager ReloadAssembly
Native extension for WindowsStandalone target not found
Native extension for WebGL target not found
Refreshing native plugins compatible for Editor in 0.91 ms, found 2 plugins.
Preloading 0 native plugins for Editor in 0.00 ms.
Mono: successfully reloaded assembly
- Completed reload, in  2.381 seconds
Domain Reload Profiling:
	ReloadAssembly (2383ms)
		BeginReloadAssembly (267ms)
			ExecutionOrderSort (0ms)
			DisableScriptedObjects (12ms)
			BackupInstance (0ms)
			ReleaseScriptingObjects (0ms)
			CreateAndSetChildDomain (73ms)
		EndReloadAssembly (1949ms)
			LoadAssemblies (255ms)
			RebuildTransferFunctionScriptingTraits (0ms)
			SetupTypeCache (709ms)
			ReleaseScriptCaches (4ms)
			RebuildScriptCaches (102ms)
			SetupLoadedEditorAssemblies (684ms)
				LogAssemblyErrors (0ms)
				InitializePlatformSupportModulesInManaged (14ms)
				SetLoadedEditorAssemblies (1ms)
				RefreshPlugins (1ms)
				BeforeProcessingInitializeOnLoad (131ms)
				ProcessInitializeOnLoadAttributes (495ms)
				ProcessInitializeOnLoadMethodAttributes (23ms)
				AfterProcessingInitializeOnLoad (17ms)
				EditorAssembliesLoaded (1ms)
			ExecutionOrderSort2 (0ms)
			AwakeInstancesAfterBackupRestoration (16ms)
Platform modules already initialized, skipping
Refreshing native plugins compatible for Editor in 2.00 ms, found 2 plugins.
Preloading 0 native plugins for Editor in 0.00 ms.
Unloading 1509 Unused Serialized files (Serialized files now loaded: 0)
System memory in use before: 70.9 MB.
System memory in use after: 71.0 MB.

Unloading 14 unused Assets to reduce memory usage. Loaded Objects now: 1960.
Total: 6.857000 ms (FindLiveObjects: 0.279900 ms CreateObjectMapping: 0.119300 ms MarkObjects: 6.363600 ms  DeleteObjects: 0.091200 ms)

AssetImportParameters requested are different than current active one (requested -> active):
  custom:framework-win-MediaFoundation: 216162199b28c13a410421893ffa2e32 -> 
  custom:video-decoder-ogg-theora: a1e56fd34408186e4bbccfd4996cb3dc -> 
  custom:container-muxer-webm: aa71ff27fc2769a1b78a27578f13a17b -> 
  custom:container-demuxer-webm: 4f35f7cbe854078d1ac9338744f61a02 -> 
  custom:container-demuxer-ogg: 62fdf1f143b41e24485cea50d1cbac27 -> 
  custom:video-encoder-webm-vp8: eb34c28f22e8b96e1ab97ce403110664 -> 
  custom:video-decoder-webm-vp8: 9c59270c3fd7afecdb556c50c9e8de78 -> 
  custom:audio-decoder-ogg-vorbis: bf7c407c2cedff20999df2af8eb42d56 -> 
  custom:audio-encoder-webm-vorbis: bf7c407c2cedff20999df2af8eb42d56 -> 
========================================================================
Received Import Request.
  Time since last request: 439.300405 seconds.
  path: Assets/Scripts/Geometry.cs
  artifactKey: Guid(9cce1d73b948c4e45aba91f473388a1b) Importer(815301076,1909f56bfc062723c751e8b465ee728b)
Start importing Assets/Scripts/Geometry.cs using Guid(9cce1d73b948c4e45aba91f473388a1b) Importer(815301076,1909f56bfc062723c751e8b465ee728b)  -> (artifact id: '4626fd9c1ef4a09f08fd2e40a8c520b7') in 0.011532 seconds 
  Import took 0.018503 seconds .

========================================================================
Received Prepare
Registering precompiled user dll's ...
Registered in 0.007828 seconds.
Begin MonoManager ReloadAssembly
Native extension for WindowsStandalone target not found
Native extension for WebGL target not found
Refreshing native plugins compatible for Editor in 0.87 ms, found 2 plugins.
Preloading 0 native plugins for Editor in 0.00 ms.
Mono: successfully reloaded assembly
- Completed reload, in  2.439 seconds
Domain Reload Profiling:
	ReloadAssembly (2440ms)
		BeginReloadAssembly (315ms)
			ExecutionOrderSort (0ms)
			DisableScriptedObjects (12ms)
			BackupInstance (0ms)
			ReleaseScriptingObjects (0ms)
			CreateAndSetChildDomain (81ms)
		EndReloadAssembly (1929ms)
			LoadAssemblies (291ms)
			RebuildTransferFunctionScriptingTraits (0ms)
			SetupTypeCache (729ms)
			ReleaseScriptCaches (2ms)
			RebuildScriptCaches (95ms)
			SetupLoadedEditorAssemblies (655ms)
				LogAssemblyErrors (0ms)
				InitializePlatformSupportModulesInManaged (14ms)
				SetLoadedEditorAssemblies (1ms)
				RefreshPlugins (1ms)
				BeforeProcessingInitializeOnLoad (119ms)
				ProcessInitializeOnLoadAttributes (480ms)
				ProcessInitializeOnLoadMethodAttributes (22ms)
				AfterProcessingInitializeOnLoad (18ms)
				EditorAssembliesLoaded (1ms)
			ExecutionOrderSort2 (0ms)
			AwakeInstancesAfterBackupRestoration (17ms)
Platform modules already initialized, skipping
Refreshing native plugins compatible for Editor in 0.85 ms, found 2 plugins.
Preloading 0 native plugins for Editor in 0.00 ms.
Unloading 1509 Unused Serialized files (Serialized files now loaded: 0)
System memory in use before: 70.9 MB.
System memory in use after: 71.0 MB.

Unloading 14 unused Assets to reduce memory usage. Loaded Objects now: 1962.
Total: 5.944000 ms (FindLiveObjects: 0.309800 ms CreateObjectMapping: 0.120000 ms MarkObjects: 5.454700 ms  DeleteObjects: 0.054900 ms)

AssetImportParameters requested are different than current active one (requested -> active):
  custom:framework-win-MediaFoundation: 216162199b28c13a410421893ffa2e32 -> 
  custom:video-decoder-ogg-theora: a1e56fd34408186e4bbccfd4996cb3dc -> 
  custom:container-muxer-webm: aa71ff27fc2769a1b78a27578f13a17b -> 
  custom:container-demuxer-webm: 4f35f7cbe854078d1ac9338744f61a02 -> 
  custom:container-demuxer-ogg: 62fdf1f143b41e24485cea50d1cbac27 -> 
  custom:video-encoder-webm-vp8: eb34c28f22e8b96e1ab97ce403110664 -> 
  custom:video-decoder-webm-vp8: 9c59270c3fd7afecdb556c50c9e8de78 -> 
  custom:audio-decoder-ogg-vorbis: bf7c407c2cedff20999df2af8eb42d56 -> 
  custom:audio-encoder-webm-vorbis: bf7c407c2cedff20999df2af8eb42d56 -> 
========================================================================
Received Import Request.
  Time since last request: 179.258867 seconds.
  path: Assets/Scripts/Geometry.cs
  artifactKey: Guid(9cce1d73b948c4e45aba91f473388a1b) Importer(815301076,1909f56bfc062723c751e8b465ee728b)
Start importing Assets/Scripts/Geometry.cs using Guid(9cce1d73b948c4e45aba91f473388a1b) Importer(815301076,1909f56bfc062723c751e8b465ee728b)  -> (artifact id: '3f47ccb4a1294984feb8929d74f7418d') in 0.009267 seconds 
  Import took 0.014252 seconds .

========================================================================
Received Prepare
Registering precompiled user dll's ...
Registered in 0.007134 seconds.
Begin MonoManager ReloadAssembly
Native extension for WindowsStandalone target not found
Native extension for WebGL target not found
Refreshing native plugins compatible for Editor in 1.06 ms, found 2 plugins.
Preloading 0 native plugins for Editor in 0.00 ms.
Mono: successfully reloaded assembly
- Completed reload, in  2.431 seconds
Domain Reload Profiling:
	ReloadAssembly (2432ms)
		BeginReloadAssembly (293ms)
			ExecutionOrderSort (0ms)
			DisableScriptedObjects (13ms)
			BackupInstance (0ms)
			ReleaseScriptingObjects (0ms)
			CreateAndSetChildDomain (80ms)
		EndReloadAssembly (1957ms)
			LoadAssemblies (276ms)
			RebuildTransferFunctionScriptingTraits (0ms)
			SetupTypeCache (716ms)
			ReleaseScriptCaches (2ms)
			RebuildScriptCaches (105ms)
			SetupLoadedEditorAssemblies (669ms)
				LogAssemblyErrors (0ms)
				InitializePlatformSupportModulesInManaged (13ms)
				SetLoadedEditorAssemblies (1ms)
				RefreshPlugins (1ms)
				BeforeProcessingInitializeOnLoad (121ms)
				ProcessInitializeOnLoadAttributes (494ms)
				ProcessInitializeOnLoadMethodAttributes (20ms)
				AfterProcessingInitializeOnLoad (17ms)
				EditorAssembliesLoaded (1ms)
			ExecutionOrderSort2 (0ms)
			AwakeInstancesAfterBackupRestoration (17ms)
Platform modules already initialized, skipping
Refreshing native plugins compatible for Editor in 0.85 ms, found 2 plugins.
Preloading 0 native plugins for Editor in 0.00 ms.
Unloading 1509 Unused Serialized files (Serialized files now loaded: 0)
System memory in use before: 70.9 MB.
System memory in use after: 71.0 MB.

Unloading 14 unused Assets to reduce memory usage. Loaded Objects now: 1964.
Total: 6.812200 ms (FindLiveObjects: 0.287700 ms CreateObjectMapping: 0.119200 ms MarkObjects: 6.352400 ms  DeleteObjects: 0.050000 ms)

AssetImportParameters requested are different than current active one (requested -> active):
  custom:framework-win-MediaFoundation: 216162199b28c13a410421893ffa2e32 -> 
  custom:video-decoder-ogg-theora: a1e56fd34408186e4bbccfd4996cb3dc -> 
  custom:container-muxer-webm: aa71ff27fc2769a1b78a27578f13a17b -> 
  custom:container-demuxer-webm: 4f35f7cbe854078d1ac9338744f61a02 -> 
  custom:container-demuxer-ogg: 62fdf1f143b41e24485cea50d1cbac27 -> 
  custom:video-encoder-webm-vp8: eb34c28f22e8b96e1ab97ce403110664 -> 
  custom:video-decoder-webm-vp8: 9c59270c3fd7afecdb556c50c9e8de78 -> 
  custom:audio-decoder-ogg-vorbis: bf7c407c2cedff20999df2af8eb42d56 -> 
  custom:audio-encoder-webm-vorbis: bf7c407c2cedff20999df2af8eb42d56 -> 
========================================================================
Received Import Request.
  Time since last request: 129.236463 seconds.
  path: Assets/Scripts/Board.cs
  artifactKey: Guid(1c2bdc2ddcf9444e79baeefcd40250d8) Importer(815301076,1909f56bfc062723c751e8b465ee728b)
Start importing Assets/Scripts/Board.cs using Guid(1c2bdc2ddcf9444e79baeefcd40250d8) Importer(815301076,1909f56bfc062723c751e8b465ee728b)  -> (artifact id: 'a5cfc4531a6648c4e58fb71e07a6c559') in 0.009137 seconds 
  Import took 0.015946 seconds .

========================================================================
Received Import Request.
  Time since last request: 2.078098 seconds.
  path: Assets/Scripts/MoveSelector.cs
  artifactKey: Guid(69ccfe8c654294ec3a7a7cc1369e8c91) Importer(815301076,1909f56bfc062723c751e8b465ee728b)
Start importing Assets/Scripts/MoveSelector.cs using Guid(69ccfe8c654294ec3a7a7cc1369e8c91) Importer(815301076,1909f56bfc062723c751e8b465ee728b)  -> (artifact id: 'e61b2c99254dbbc88a7856b9d676917c') in 0.003605 seconds 
  Import took 0.011131 seconds .

========================================================================
Received Prepare
Registering precompiled user dll's ...
Registered in 0.007127 seconds.
Begin MonoManager ReloadAssembly
Native extension for WindowsStandalone target not found
Native extension for WebGL target not found
Refreshing native plugins compatible for Editor in 0.94 ms, found 2 plugins.
Preloading 0 native plugins for Editor in 0.00 ms.
Mono: successfully reloaded assembly
- Completed reload, in  2.654 seconds
Domain Reload Profiling:
	ReloadAssembly (2655ms)
		BeginReloadAssembly (305ms)
			ExecutionOrderSort (0ms)
			DisableScriptedObjects (14ms)
			BackupInstance (0ms)
			ReleaseScriptingObjects (0ms)
			CreateAndSetChildDomain (79ms)
		EndReloadAssembly (2173ms)
			LoadAssemblies (286ms)
			RebuildTransferFunctionScriptingTraits (0ms)
			SetupTypeCache (740ms)
			ReleaseScriptCaches (2ms)
			RebuildScriptCaches (92ms)
			SetupLoadedEditorAssemblies (839ms)
				LogAssemblyErrors (0ms)
				InitializePlatformSupportModulesInManaged (13ms)
				SetLoadedEditorAssemblies (1ms)
				RefreshPlugins (1ms)
				BeforeProcessingInitializeOnLoad (140ms)
				ProcessInitializeOnLoadAttributes (570ms)
				ProcessInitializeOnLoadMethodAttributes (89ms)
				AfterProcessingInitializeOnLoad (23ms)
				EditorAssembliesLoaded (1ms)
			ExecutionOrderSort2 (0ms)
			AwakeInstancesAfterBackupRestoration (45ms)
Platform modules already initialized, skipping
Refreshing native plugins compatible for Editor in 0.85 ms, found 2 plugins.
Preloading 0 native plugins for Editor in 0.00 ms.
Unloading 1509 Unused Serialized files (Serialized files now loaded: 0)
System memory in use before: 70.9 MB.
System memory in use after: 71.0 MB.

Unloading 14 unused Assets to reduce memory usage. Loaded Objects now: 1966.
Total: 6.001900 ms (FindLiveObjects: 0.343000 ms CreateObjectMapping: 0.123000 ms MarkObjects: 5.480900 ms  DeleteObjects: 0.052000 ms)

AssetImportParameters requested are different than current active one (requested -> active):
  custom:framework-win-MediaFoundation: 216162199b28c13a410421893ffa2e32 -> 
  custom:video-decoder-ogg-theora: a1e56fd34408186e4bbccfd4996cb3dc -> 
  custom:container-muxer-webm: aa71ff27fc2769a1b78a27578f13a17b -> 
  custom:container-demuxer-webm: 4f35f7cbe854078d1ac9338744f61a02 -> 
  custom:container-demuxer-ogg: 62fdf1f143b41e24485cea50d1cbac27 -> 
  custom:video-encoder-webm-vp8: eb34c28f22e8b96e1ab97ce403110664 -> 
  custom:video-decoder-webm-vp8: 9c59270c3fd7afecdb556c50c9e8de78 -> 
  custom:audio-decoder-ogg-vorbis: bf7c407c2cedff20999df2af8eb42d56 -> 
  custom:audio-encoder-webm-vorbis: bf7c407c2cedff20999df2af8eb42d56 -> 
========================================================================
Received Import Request.
  Time since last request: 106.138353 seconds.
  path: Assets/Scripts/MoveSelector.cs
  artifactKey: Guid(69ccfe8c654294ec3a7a7cc1369e8c91) Importer(815301076,1909f56bfc062723c751e8b465ee728b)
Start importing Assets/Scripts/MoveSelector.cs using Guid(69ccfe8c654294ec3a7a7cc1369e8c91) Importer(815301076,1909f56bfc062723c751e8b465ee728b)  -> (artifact id: '75ecddda2e3b40b454c644236e5c3d4e') in 0.009394 seconds 
  Import took 0.016007 seconds .

========================================================================
Received Import Request.
  Time since last request: 0.000516 seconds.
  path: Assets/Scripts/Player.cs
  artifactKey: Guid(79fb381de31fc4c0fa20244aedf0ad81) Importer(815301076,1909f56bfc062723c751e8b465ee728b)
Start importing Assets/Scripts/Player.cs using Guid(79fb381de31fc4c0fa20244aedf0ad81) Importer(815301076,1909f56bfc062723c751e8b465ee728b)  -> (artifact id: 'b771d2dc5cd32bc0422d3072f42b060c') in 0.008974 seconds 
  Import took 0.018090 seconds .

========================================================================
Received Prepare
Registering precompiled user dll's ...
Registered in 0.009891 seconds.
Begin MonoManager ReloadAssembly
Native extension for WindowsStandalone target not found
Native extension for WebGL target not found
Refreshing native plugins compatible for Editor in 0.86 ms, found 2 plugins.
Preloading 0 native plugins for Editor in 0.00 ms.
Mono: successfully reloaded assembly
- Completed reload, in  2.385 seconds
Domain Reload Profiling:
	ReloadAssembly (2386ms)
		BeginReloadAssembly (294ms)
			ExecutionOrderSort (0ms)
			DisableScriptedObjects (12ms)
			BackupInstance (0ms)
			ReleaseScriptingObjects (0ms)
			CreateAndSetChildDomain (72ms)
		EndReloadAssembly (1919ms)
			LoadAssemblies (275ms)
			RebuildTransferFunctionScriptingTraits (0ms)
			SetupTypeCache (719ms)
			ReleaseScriptCaches (2ms)
			RebuildScriptCaches (95ms)
			SetupLoadedEditorAssemblies (656ms)
				LogAssemblyErrors (0ms)
				InitializePlatformSupportModulesInManaged (14ms)
				SetLoadedEditorAssemblies (1ms)
				RefreshPlugins (1ms)
				BeforeProcessingInitializeOnLoad (122ms)
				ProcessInitializeOnLoadAttributes (478ms)
				ProcessInitializeOnLoadMethodAttributes (21ms)
				AfterProcessingInitializeOnLoad (18ms)
				EditorAssembliesLoaded (1ms)
			ExecutionOrderSort2 (0ms)
			AwakeInstancesAfterBackupRestoration (18ms)
Platform modules already initialized, skipping
Refreshing native plugins compatible for Editor in 0.86 ms, found 2 plugins.
Preloading 0 native plugins for Editor in 0.00 ms.
Unloading 1509 Unused Serialized files (Serialized files now loaded: 0)
System memory in use before: 70.9 MB.
System memory in use after: 71.0 MB.

Unloading 14 unused Assets to reduce memory usage. Loaded Objects now: 1968.
Total: 6.470100 ms (FindLiveObjects: 0.298600 ms CreateObjectMapping: 0.130600 ms MarkObjects: 5.948600 ms  DeleteObjects: 0.089300 ms)

AssetImportParameters requested are different than current active one (requested -> active):
  custom:framework-win-MediaFoundation: 216162199b28c13a410421893ffa2e32 -> 
  custom:video-decoder-ogg-theora: a1e56fd34408186e4bbccfd4996cb3dc -> 
  custom:container-muxer-webm: aa71ff27fc2769a1b78a27578f13a17b -> 
  custom:container-demuxer-webm: 4f35f7cbe854078d1ac9338744f61a02 -> 
  custom:container-demuxer-ogg: 62fdf1f143b41e24485cea50d1cbac27 -> 
  custom:video-encoder-webm-vp8: eb34c28f22e8b96e1ab97ce403110664 -> 
  custom:video-decoder-webm-vp8: 9c59270c3fd7afecdb556c50c9e8de78 -> 
  custom:audio-decoder-ogg-vorbis: bf7c407c2cedff20999df2af8eb42d56 -> 
  custom:audio-encoder-webm-vorbis: bf7c407c2cedff20999df2af8eb42d56 -> 
========================================================================
Received Import Request.
  Time since last request: 32.097794 seconds.
  path: Assets/Scripts/Player.cs
  artifactKey: Guid(79fb381de31fc4c0fa20244aedf0ad81) Importer(815301076,1909f56bfc062723c751e8b465ee728b)
Start importing Assets/Scripts/Player.cs using Guid(79fb381de31fc4c0fa20244aedf0ad81) Importer(815301076,1909f56bfc062723c751e8b465ee728b)  -> (artifact id: '23325c660ebcd9a6bddb388cdea15ea3') in 0.009660 seconds 
  Import took 0.015448 seconds .

========================================================================
Received Import Request.
  Time since last request: 0.000429 seconds.
  path: Assets/Scripts/TileSelector.cs
  artifactKey: Guid(be0b3ae2be1ec485e92156d9782b6385) Importer(815301076,1909f56bfc062723c751e8b465ee728b)
Start importing Assets/Scripts/TileSelector.cs using Guid(be0b3ae2be1ec485e92156d9782b6385) Importer(815301076,1909f56bfc062723c751e8b465ee728b)  -> (artifact id: 'e20316e1950b6bf45fc18422334393e3') in 0.011776 seconds 
  Import took 0.018467 seconds .

========================================================================
Received Prepare
Registering precompiled user dll's ...
Registered in 0.006844 seconds.
Begin MonoManager ReloadAssembly
Native extension for WindowsStandalone target not found
Native extension for WebGL target not found
Refreshing native plugins compatible for Editor in 0.99 ms, found 2 plugins.
Preloading 0 native plugins for Editor in 0.00 ms.
Mono: successfully reloaded assembly
- Completed reload, in  2.705 seconds
Domain Reload Profiling:
	ReloadAssembly (2706ms)
		BeginReloadAssembly (309ms)
			ExecutionOrderSort (0ms)
			DisableScriptedObjects (14ms)
			BackupInstance (0ms)
			ReleaseScriptingObjects (0ms)
			CreateAndSetChildDomain (77ms)
		EndReloadAssembly (2213ms)
			LoadAssemblies (304ms)
			RebuildTransferFunctionScriptingTraits (0ms)
			SetupTypeCache (731ms)
			ReleaseScriptCaches (2ms)
			RebuildScriptCaches (100ms)
			SetupLoadedEditorAssemblies (867ms)
				LogAssemblyErrors (0ms)
				InitializePlatformSupportModulesInManaged (14ms)
				SetLoadedEditorAssemblies (1ms)
				RefreshPlugins (1ms)
				BeforeProcessingInitializeOnLoad (148ms)
				ProcessInitializeOnLoadAttributes (664ms)
				ProcessInitializeOnLoadMethodAttributes (20ms)
				AfterProcessingInitializeOnLoad (17ms)
				EditorAssembliesLoaded (1ms)
			ExecutionOrderSort2 (0ms)
			AwakeInstancesAfterBackupRestoration (21ms)
Platform modules already initialized, skipping
Refreshing native plugins compatible for Editor in 0.88 ms, found 2 plugins.
Preloading 0 native plugins for Editor in 0.00 ms.
Unloading 1509 Unused Serialized files (Serialized files now loaded: 0)
System memory in use before: 70.9 MB.
System memory in use after: 71.0 MB.

Unloading 14 unused Assets to reduce memory usage. Loaded Objects now: 1970.
Total: 5.789100 ms (FindLiveObjects: 0.310400 ms CreateObjectMapping: 0.118900 ms MarkObjects: 5.308800 ms  DeleteObjects: 0.048500 ms)

AssetImportParameters requested are different than current active one (requested -> active):
  custom:framework-win-MediaFoundation: 216162199b28c13a410421893ffa2e32 -> 
  custom:video-decoder-ogg-theora: a1e56fd34408186e4bbccfd4996cb3dc -> 
  custom:container-muxer-webm: aa71ff27fc2769a1b78a27578f13a17b -> 
  custom:container-demuxer-webm: 4f35f7cbe854078d1ac9338744f61a02 -> 
  custom:container-demuxer-ogg: 62fdf1f143b41e24485cea50d1cbac27 -> 
  custom:video-encoder-webm-vp8: eb34c28f22e8b96e1ab97ce403110664 -> 
  custom:video-decoder-webm-vp8: 9c59270c3fd7afecdb556c50c9e8de78 -> 
  custom:audio-decoder-ogg-vorbis: bf7c407c2cedff20999df2af8eb42d56 -> 
  custom:audio-encoder-webm-vorbis: bf7c407c2cedff20999df2af8eb42d56 -> 
========================================================================
Received Import Request.
  Time since last request: 62.719815 seconds.
  path: Assets/Scripts/GameManager.cs
  artifactKey: Guid(0467ea60d08c74bf09df7bda660533e7) Importer(815301076,1909f56bfc062723c751e8b465ee728b)
Start importing Assets/Scripts/GameManager.cs using Guid(0467ea60d08c74bf09df7bda660533e7) Importer(815301076,1909f56bfc062723c751e8b465ee728b)  -> (artifact id: 'e63d5bd5b108bacf2ac2a0c1c97e7714') in 0.008611 seconds 
  Import took 0.013520 seconds .

========================================================================
Received Import Request.
  Time since last request: 0.000436 seconds.
  path: Assets/Scripts/TileSelector.cs
  artifactKey: Guid(be0b3ae2be1ec485e92156d9782b6385) Importer(815301076,1909f56bfc062723c751e8b465ee728b)
Start importing Assets/Scripts/TileSelector.cs using Guid(be0b3ae2be1ec485e92156d9782b6385) Importer(815301076,1909f56bfc062723c751e8b465ee728b)  -> (artifact id: '03ee398ddbbe1fdf3667f4777c3eb6ff') in 0.002665 seconds 
  Import took 0.015888 seconds .

========================================================================
Received Prepare
Registering precompiled user dll's ...
Registered in 0.009130 seconds.
Begin MonoManager ReloadAssembly
Native extension for WindowsStandalone target not found
Native extension for WebGL target not found
Refreshing native plugins compatible for Editor in 0.87 ms, found 2 plugins.
Preloading 0 native plugins for Editor in 0.00 ms.
Mono: successfully reloaded assembly
- Completed reload, in  2.432 seconds
Domain Reload Profiling:
	ReloadAssembly (2434ms)
		BeginReloadAssembly (292ms)
			ExecutionOrderSort (0ms)
			DisableScriptedObjects (15ms)
			BackupInstance (0ms)
			ReleaseScriptingObjects (0ms)
			CreateAndSetChildDomain (79ms)
		EndReloadAssembly (1958ms)
			LoadAssemblies (272ms)
			RebuildTransferFunctionScriptingTraits (0ms)
			SetupTypeCache (747ms)
			ReleaseScriptCaches (2ms)
			RebuildScriptCaches (94ms)
			SetupLoadedEditorAssemblies (664ms)
				LogAssemblyErrors (0ms)
				InitializePlatformSupportModulesInManaged (13ms)
				SetLoadedEditorAssemblies (1ms)
				RefreshPlugins (1ms)
				BeforeProcessingInitializeOnLoad (130ms)
				ProcessInitializeOnLoadAttributes (479ms)
				ProcessInitializeOnLoadMethodAttributes (20ms)
				AfterProcessingInitializeOnLoad (18ms)
				EditorAssembliesLoaded (1ms)
			ExecutionOrderSort2 (0ms)
			AwakeInstancesAfterBackupRestoration (17ms)
Platform modules already initialized, skipping
Refreshing native plugins compatible for Editor in 0.95 ms, found 2 plugins.
Preloading 0 native plugins for Editor in 0.00 ms.
Unloading 1509 Unused Serialized files (Serialized files now loaded: 0)
System memory in use before: 70.9 MB.
System memory in use after: 71.0 MB.

Unloading 14 unused Assets to reduce memory usage. Loaded Objects now: 1972.
Total: 6.147200 ms (FindLiveObjects: 0.295400 ms CreateObjectMapping: 0.119700 ms MarkObjects: 5.684400 ms  DeleteObjects: 0.045000 ms)

AssetImportParameters requested are different than current active one (requested -> active):
  custom:framework-win-MediaFoundation: 216162199b28c13a410421893ffa2e32 -> 
  custom:video-decoder-ogg-theora: a1e56fd34408186e4bbccfd4996cb3dc -> 
  custom:container-muxer-webm: aa71ff27fc2769a1b78a27578f13a17b -> 
  custom:container-demuxer-webm: 4f35f7cbe854078d1ac9338744f61a02 -> 
  custom:container-demuxer-ogg: 62fdf1f143b41e24485cea50d1cbac27 -> 
  custom:video-encoder-webm-vp8: eb34c28f22e8b96e1ab97ce403110664 -> 
  custom:video-decoder-webm-vp8: 9c59270c3fd7afecdb556c50c9e8de78 -> 
  custom:audio-decoder-ogg-vorbis: bf7c407c2cedff20999df2af8eb42d56 -> 
  custom:audio-encoder-webm-vorbis: bf7c407c2cedff20999df2af8eb42d56 -> 
========================================================================
Received Import Request.
  Time since last request: 136.896389 seconds.
  path: Assets/Scripts/GameManager.cs
  artifactKey: Guid(0467ea60d08c74bf09df7bda660533e7) Importer(815301076,1909f56bfc062723c751e8b465ee728b)
Start importing Assets/Scripts/GameManager.cs using Guid(0467ea60d08c74bf09df7bda660533e7) Importer(815301076,1909f56bfc062723c751e8b465ee728b)  -> (artifact id: '79be7b19449c08131352e028ce646ed4') in 0.008301 seconds 
  Import took 0.013251 seconds .

========================================================================
Received Import Request.
  Time since last request: 0.000641 seconds.
  path: Assets/Scripts/Pieces
  artifactKey: Guid(2cce77c15ee644d5892798ced684ab5e) Importer(815301076,1909f56bfc062723c751e8b465ee728b)
Start importing Assets/Scripts/Pieces using Guid(2cce77c15ee644d5892798ced684ab5e) Importer(815301076,1909f56bfc062723c751e8b465ee728b)  -> (artifact id: '672fb057bbcdc9c3f2cd8eaef6d1089b') in 0.005153 seconds 
  Import took 0.012715 seconds .

========================================================================
Received Import Request.
  Time since last request: 0.677691 seconds.
  path: Assets/Scripts/Pieces/Bishop.cs
  artifactKey: Guid(eec5a0a4087b943028ce6350eab5e822) Importer(815301076,1909f56bfc062723c751e8b465ee728b)
Start importing Assets/Scripts/Pieces/Bishop.cs using Guid(eec5a0a4087b943028ce6350eab5e822) Importer(815301076,1909f56bfc062723c751e8b465ee728b)  -> (artifact id: 'f3397bc48bbbdea939185fbc9b357d58') in 0.003355 seconds 
  Import took 0.011047 seconds .

========================================================================
Received Prepare
Registering precompiled user dll's ...
Registered in 0.009658 seconds.
Begin MonoManager ReloadAssembly
Native extension for WindowsStandalone target not found
Native extension for WebGL target not found
Refreshing native plugins compatible for Editor in 0.88 ms, found 2 plugins.
Preloading 0 native plugins for Editor in 0.00 ms.
Mono: successfully reloaded assembly
- Completed reload, in  2.951 seconds
Domain Reload Profiling:
	ReloadAssembly (2952ms)
		BeginReloadAssembly (413ms)
			ExecutionOrderSort (0ms)
			DisableScriptedObjects (18ms)
			BackupInstance (0ms)
			ReleaseScriptingObjects (0ms)
			CreateAndSetChildDomain (100ms)
		EndReloadAssembly (2305ms)
			LoadAssemblies (382ms)
			RebuildTransferFunctionScriptingTraits (0ms)
			SetupTypeCache (810ms)
			ReleaseScriptCaches (2ms)
			RebuildScriptCaches (130ms)
			SetupLoadedEditorAssemblies (799ms)
				LogAssemblyErrors (0ms)
				InitializePlatformSupportModulesInManaged (17ms)
				SetLoadedEditorAssemblies (1ms)
				RefreshPlugins (1ms)
				BeforeProcessingInitializeOnLoad (156ms)
				ProcessInitializeOnLoadAttributes (581ms)
				ProcessInitializeOnLoadMethodAttributes (23ms)
				AfterProcessingInitializeOnLoad (18ms)
				EditorAssembliesLoaded (1ms)
			ExecutionOrderSort2 (0ms)
			AwakeInstancesAfterBackupRestoration (20ms)
Platform modules already initialized, skipping
Refreshing native plugins compatible for Editor in 1.28 ms, found 2 plugins.
Preloading 0 native plugins for Editor in 0.00 ms.
Unloading 1509 Unused Serialized files (Serialized files now loaded: 0)
System memory in use before: 70.9 MB.
System memory in use after: 71.0 MB.

Unloading 14 unused Assets to reduce memory usage. Loaded Objects now: 1974.
Total: 7.001400 ms (FindLiveObjects: 0.327300 ms CreateObjectMapping: 0.126100 ms MarkObjects: 6.487400 ms  DeleteObjects: 0.057800 ms)

AssetImportParameters requested are different than current active one (requested -> active):
  custom:framework-win-MediaFoundation: 216162199b28c13a410421893ffa2e32 -> 
  custom:video-decoder-ogg-theora: a1e56fd34408186e4bbccfd4996cb3dc -> 
  custom:container-muxer-webm: aa71ff27fc2769a1b78a27578f13a17b -> 
  custom:container-demuxer-webm: 4f35f7cbe854078d1ac9338744f61a02 -> 
  custom:container-demuxer-ogg: 62fdf1f143b41e24485cea50d1cbac27 -> 
  custom:video-encoder-webm-vp8: eb34c28f22e8b96e1ab97ce403110664 -> 
  custom:video-decoder-webm-vp8: 9c59270c3fd7afecdb556c50c9e8de78 -> 
  custom:audio-decoder-ogg-vorbis: bf7c407c2cedff20999df2af8eb42d56 -> 
  custom:audio-encoder-webm-vorbis: bf7c407c2cedff20999df2af8eb42d56 -> 
========================================================================
Received Import Request.
  Time since last request: 84.681787 seconds.
  path: Assets/Scripts/Pieces/Bishop.cs
  artifactKey: Guid(eec5a0a4087b943028ce6350eab5e822) Importer(815301076,1909f56bfc062723c751e8b465ee728b)
Start importing Assets/Scripts/Pieces/Bishop.cs using Guid(eec5a0a4087b943028ce6350eab5e822) Importer(815301076,1909f56bfc062723c751e8b465ee728b)  -> (artifact id: '729c6954ad6150a0dae4055bdf70b914') in 0.009847 seconds 
  Import took 0.016034 seconds .

========================================================================
Received Import Request.
  Time since last request: 0.233461 seconds.
  path: Assets/Scripts/Pieces/King.cs
  artifactKey: Guid(6ad4419d682374d0cbb0a1eb6d1994f5) Importer(815301076,1909f56bfc062723c751e8b465ee728b)
Start importing Assets/Scripts/Pieces/King.cs using Guid(6ad4419d682374d0cbb0a1eb6d1994f5) Importer(815301076,1909f56bfc062723c751e8b465ee728b)  -> (artifact id: 'e3f454cd7a1760dc872142aa14ff8981') in 0.006761 seconds 
  Import took 0.015388 seconds .

========================================================================
Received Prepare
Registering precompiled user dll's ...
Registered in 0.008498 seconds.
Begin MonoManager ReloadAssembly
Native extension for WindowsStandalone target not found
Native extension for WebGL target not found
Refreshing native plugins compatible for Editor in 0.87 ms, found 2 plugins.
Preloading 0 native plugins for Editor in 0.00 ms.
Mono: successfully reloaded assembly
- Completed reload, in  2.676 seconds
Domain Reload Profiling:
	ReloadAssembly (2677ms)
		BeginReloadAssembly (284ms)
			ExecutionOrderSort (0ms)
			DisableScriptedObjects (16ms)
			BackupInstance (0ms)
			ReleaseScriptingObjects (0ms)
			CreateAndSetChildDomain (70ms)
		EndReloadAssembly (2218ms)
			LoadAssemblies (277ms)
			RebuildTransferFunctionScriptingTraits (0ms)
			SetupTypeCache (732ms)
			ReleaseScriptCaches (2ms)
			RebuildScriptCaches (90ms)
			SetupLoadedEditorAssemblies (865ms)
				LogAssemblyErrors (0ms)
				InitializePlatformSupportModulesInManaged (14ms)
				SetLoadedEditorAssemblies (1ms)
				RefreshPlugins (1ms)
				BeforeProcessingInitializeOnLoad (130ms)
				ProcessInitializeOnLoadAttributes (671ms)
				ProcessInitializeOnLoadMethodAttributes (27ms)
				AfterProcessingInitializeOnLoad (20ms)
				EditorAssembliesLoaded (1ms)
			ExecutionOrderSort2 (0ms)
			AwakeInstancesAfterBackupRestoration (68ms)
Platform modules already initialized, skipping
Refreshing native plugins compatible for Editor in 0.87 ms, found 2 plugins.
Preloading 0 native plugins for Editor in 0.00 ms.
Unloading 1509 Unused Serialized files (Serialized files now loaded: 0)
System memory in use before: 70.9 MB.
System memory in use after: 71.0 MB.

Unloading 14 unused Assets to reduce memory usage. Loaded Objects now: 1976.
Total: 6.978500 ms (FindLiveObjects: 0.304400 ms CreateObjectMapping: 0.124300 ms MarkObjects: 6.495300 ms  DeleteObjects: 0.051400 ms)

AssetImportParameters requested are different than current active one (requested -> active):
  custom:framework-win-MediaFoundation: 216162199b28c13a410421893ffa2e32 -> 
  custom:video-decoder-ogg-theora: a1e56fd34408186e4bbccfd4996cb3dc -> 
  custom:container-muxer-webm: aa71ff27fc2769a1b78a27578f13a17b -> 
  custom:container-demuxer-webm: 4f35f7cbe854078d1ac9338744f61a02 -> 
  custom:container-demuxer-ogg: 62fdf1f143b41e24485cea50d1cbac27 -> 
  custom:video-encoder-webm-vp8: eb34c28f22e8b96e1ab97ce403110664 -> 
  custom:video-decoder-webm-vp8: 9c59270c3fd7afecdb556c50c9e8de78 -> 
  custom:audio-decoder-ogg-vorbis: bf7c407c2cedff20999df2af8eb42d56 -> 
  custom:audio-encoder-webm-vorbis: bf7c407c2cedff20999df2af8eb42d56 -> 
========================================================================
Received Import Request.
  Time since last request: 62.602957 seconds.
  path: Assets/Scripts/Pieces/Knight.cs
  artifactKey: Guid(0bb8f4ac3e57c48318c9e96e43ccfd52) Importer(815301076,1909f56bfc062723c751e8b465ee728b)
Start importing Assets/Scripts/Pieces/Knight.cs using Guid(0bb8f4ac3e57c48318c9e96e43ccfd52) Importer(815301076,1909f56bfc062723c751e8b465ee728b)  -> (artifact id: '87b89979c755893d81b263283af8ec09') in 0.011301 seconds 
  Import took 0.016874 seconds .

========================================================================
Received Import Request.
  Time since last request: 0.000431 seconds.
  path: Assets/Scripts/Pieces/King.cs
  artifactKey: Guid(6ad4419d682374d0cbb0a1eb6d1994f5) Importer(815301076,1909f56bfc062723c751e8b465ee728b)
Start importing Assets/Scripts/Pieces/King.cs using Guid(6ad4419d682374d0cbb0a1eb6d1994f5) Importer(815301076,1909f56bfc062723c751e8b465ee728b)  -> (artifact id: '655bf9385aa968286e3e6d7a29f4e035') in 0.003578 seconds 
  Import took 0.008146 seconds .

========================================================================
Received Prepare
Registering precompiled user dll's ...
Registered in 0.007316 seconds.
Begin MonoManager ReloadAssembly
Native extension for WindowsStandalone target not found
Native extension for WebGL target not found
Refreshing native plugins compatible for Editor in 0.96 ms, found 2 plugins.
Preloading 0 native plugins for Editor in 0.00 ms.
Mono: successfully reloaded assembly
- Completed reload, in  2.405 seconds
Domain Reload Profiling:
	ReloadAssembly (2406ms)
		BeginReloadAssembly (292ms)
			ExecutionOrderSort (0ms)
			DisableScriptedObjects (11ms)
			BackupInstance (0ms)
			ReleaseScriptingObjects (0ms)
			CreateAndSetChildDomain (79ms)
		EndReloadAssembly (1921ms)
			LoadAssemblies (274ms)
			RebuildTransferFunctionScriptingTraits (0ms)
			SetupTypeCache (718ms)
			ReleaseScriptCaches (2ms)
			RebuildScriptCaches (90ms)
			SetupLoadedEditorAssemblies (661ms)
				LogAssemblyErrors (0ms)
				InitializePlatformSupportModulesInManaged (13ms)
				SetLoadedEditorAssemblies (1ms)
				RefreshPlugins (1ms)
				BeforeProcessingInitializeOnLoad (123ms)
				ProcessInitializeOnLoadAttributes (477ms)
				ProcessInitializeOnLoadMethodAttributes (22ms)
				AfterProcessingInitializeOnLoad (23ms)
				EditorAssembliesLoaded (1ms)
			ExecutionOrderSort2 (0ms)
			AwakeInstancesAfterBackupRestoration (18ms)
Platform modules already initialized, skipping
Refreshing native plugins compatible for Editor in 0.86 ms, found 2 plugins.
Preloading 0 native plugins for Editor in 0.00 ms.
Unloading 1509 Unused Serialized files (Serialized files now loaded: 0)
System memory in use before: 70.9 MB.
System memory in use after: 71.0 MB.

Unloading 14 unused Assets to reduce memory usage. Loaded Objects now: 1978.
Total: 5.937400 ms (FindLiveObjects: 0.294000 ms CreateObjectMapping: 0.119900 ms MarkObjects: 5.471500 ms  DeleteObjects: 0.048900 ms)

AssetImportParameters requested are different than current active one (requested -> active):
  custom:framework-win-MediaFoundation: 216162199b28c13a410421893ffa2e32 -> 
  custom:video-decoder-ogg-theora: a1e56fd34408186e4bbccfd4996cb3dc -> 
  custom:container-muxer-webm: aa71ff27fc2769a1b78a27578f13a17b -> 
  custom:container-demuxer-webm: 4f35f7cbe854078d1ac9338744f61a02 -> 
  custom:container-demuxer-ogg: 62fdf1f143b41e24485cea50d1cbac27 -> 
  custom:video-encoder-webm-vp8: eb34c28f22e8b96e1ab97ce403110664 -> 
  custom:video-decoder-webm-vp8: 9c59270c3fd7afecdb556c50c9e8de78 -> 
  custom:audio-decoder-ogg-vorbis: bf7c407c2cedff20999df2af8eb42d56 -> 
  custom:audio-encoder-webm-vorbis: bf7c407c2cedff20999df2af8eb42d56 -> 
========================================================================
Received Import Request.
  Time since last request: 37.348144 seconds.
  path: Assets/Scripts/Pieces/Knight.cs
  artifactKey: Guid(0bb8f4ac3e57c48318c9e96e43ccfd52) Importer(815301076,1909f56bfc062723c751e8b465ee728b)
Start importing Assets/Scripts/Pieces/Knight.cs using Guid(0bb8f4ac3e57c48318c9e96e43ccfd52) Importer(815301076,1909f56bfc062723c751e8b465ee728b)  -> (artifact id: '99517fa15ecd580c65bd92e218b56111') in 0.008557 seconds 
  Import took 0.014709 seconds .

========================================================================
Received Import Request.
  Time since last request: 0.000382 seconds.
  path: Assets/Scripts/Pieces/Pawn.cs
  artifactKey: Guid(ab8d0ddcf90504e8d9c1f00e2ba3f94c) Importer(815301076,1909f56bfc062723c751e8b465ee728b)
Start importing Assets/Scripts/Pieces/Pawn.cs using Guid(ab8d0ddcf90504e8d9c1f00e2ba3f94c) Importer(815301076,1909f56bfc062723c751e8b465ee728b)  -> (artifact id: 'e7b5056ecd2f83b45f51e6cc32c39770') in 0.002789 seconds 
  Import took 0.008188 seconds .

========================================================================
Received Prepare
Registering precompiled user dll's ...
Registered in 0.006786 seconds.
Begin MonoManager ReloadAssembly
Native extension for WindowsStandalone target not found
Native extension for WebGL target not found
Refreshing native plugins compatible for Editor in 1.17 ms, found 2 plugins.
Preloading 0 native plugins for Editor in 0.00 ms.
Mono: successfully reloaded assembly
- Completed reload, in  2.395 seconds
Domain Reload Profiling:
	ReloadAssembly (2396ms)
		BeginReloadAssembly (290ms)
			ExecutionOrderSort (0ms)
			DisableScriptedObjects (13ms)
			BackupInstance (0ms)
			ReleaseScriptingObjects (0ms)
			CreateAndSetChildDomain (76ms)
		EndReloadAssembly (1932ms)
			LoadAssemblies (284ms)
			RebuildTransferFunctionScriptingTraits (0ms)
			SetupTypeCache (717ms)
			ReleaseScriptCaches (2ms)
			RebuildScriptCaches (90ms)
			SetupLoadedEditorAssemblies (657ms)
				LogAssemblyErrors (0ms)
				InitializePlatformSupportModulesInManaged (16ms)
				SetLoadedEditorAssemblies (2ms)
				RefreshPlugins (1ms)
				BeforeProcessingInitializeOnLoad (126ms)
				ProcessInitializeOnLoadAttributes (474ms)
				ProcessInitializeOnLoadMethodAttributes (20ms)
				AfterProcessingInitializeOnLoad (17ms)
				EditorAssembliesLoaded (1ms)
			ExecutionOrderSort2 (0ms)
			AwakeInstancesAfterBackupRestoration (16ms)
Platform modules already initialized, skipping
Refreshing native plugins compatible for Editor in 0.97 ms, found 2 plugins.
Preloading 0 native plugins for Editor in 0.00 ms.
Unloading 1509 Unused Serialized files (Serialized files now loaded: 0)
System memory in use before: 70.9 MB.
System memory in use after: 71.0 MB.

Unloading 14 unused Assets to reduce memory usage. Loaded Objects now: 1980.
Total: 5.951300 ms (FindLiveObjects: 0.478100 ms CreateObjectMapping: 0.170700 ms MarkObjects: 5.256300 ms  DeleteObjects: 0.043600 ms)

AssetImportParameters requested are different than current active one (requested -> active):
  custom:framework-win-MediaFoundation: 216162199b28c13a410421893ffa2e32 -> 
  custom:video-decoder-ogg-theora: a1e56fd34408186e4bbccfd4996cb3dc -> 
  custom:container-muxer-webm: aa71ff27fc2769a1b78a27578f13a17b -> 
  custom:container-demuxer-webm: 4f35f7cbe854078d1ac9338744f61a02 -> 
  custom:container-demuxer-ogg: 62fdf1f143b41e24485cea50d1cbac27 -> 
  custom:video-encoder-webm-vp8: eb34c28f22e8b96e1ab97ce403110664 -> 
  custom:video-decoder-webm-vp8: 9c59270c3fd7afecdb556c50c9e8de78 -> 
  custom:audio-decoder-ogg-vorbis: bf7c407c2cedff20999df2af8eb42d56 -> 
  custom:audio-encoder-webm-vorbis: bf7c407c2cedff20999df2af8eb42d56 -> 
========================================================================
Received Import Request.
  Time since last request: 50.698738 seconds.
  path: Assets/Scripts/Pieces/Pawn.cs
  artifactKey: Guid(ab8d0ddcf90504e8d9c1f00e2ba3f94c) Importer(815301076,1909f56bfc062723c751e8b465ee728b)
Start importing Assets/Scripts/Pieces/Pawn.cs using Guid(ab8d0ddcf90504e8d9c1f00e2ba3f94c) Importer(815301076,1909f56bfc062723c751e8b465ee728b)  -> (artifact id: 'c47ad6d2d783e35b3deb933bfa3a9a20') in 0.008668 seconds 
  Import took 0.013757 seconds .

========================================================================
Received Import Request.
  Time since last request: 0.665216 seconds.
  path: Assets/Scripts/Pieces/Piece.cs
  artifactKey: Guid(fb7e25643dd0743c8a0b4a6814c7de1e) Importer(815301076,1909f56bfc062723c751e8b465ee728b)
Start importing Assets/Scripts/Pieces/Piece.cs using Guid(fb7e25643dd0743c8a0b4a6814c7de1e) Importer(815301076,1909f56bfc062723c751e8b465ee728b)  -> (artifact id: '641b2eab5bff63020502ac7e82f75f7a') in 0.004326 seconds 
  Import took 0.010585 seconds .

========================================================================
Received Prepare
Registering precompiled user dll's ...
Registered in 0.008123 seconds.
Begin MonoManager ReloadAssembly
Native extension for WindowsStandalone target not found
Native extension for WebGL target not found
Refreshing native plugins compatible for Editor in 0.86 ms, found 2 plugins.
Preloading 0 native plugins for Editor in 0.00 ms.
Mono: successfully reloaded assembly
- Completed reload, in  2.405 seconds
Domain Reload Profiling:
	ReloadAssembly (2406ms)
		BeginReloadAssembly (286ms)
			ExecutionOrderSort (0ms)
			DisableScriptedObjects (13ms)
			BackupInstance (0ms)
			ReleaseScriptingObjects (0ms)
			CreateAndSetChildDomain (74ms)
		EndReloadAssembly (1923ms)
			LoadAssemblies (276ms)
			RebuildTransferFunctionScriptingTraits (0ms)
			SetupTypeCache (730ms)
			ReleaseScriptCaches (2ms)
			RebuildScriptCaches (92ms)
			SetupLoadedEditorAssemblies (648ms)
				LogAssemblyErrors (0ms)
				InitializePlatformSupportModulesInManaged (13ms)
				SetLoadedEditorAssemblies (1ms)
				RefreshPlugins (1ms)
				BeforeProcessingInitializeOnLoad (119ms)
				ProcessInitializeOnLoadAttributes (474ms)
				ProcessInitializeOnLoadMethodAttributes (20ms)
				AfterProcessingInitializeOnLoad (19ms)
				EditorAssembliesLoaded (1ms)
			ExecutionOrderSort2 (0ms)
			AwakeInstancesAfterBackupRestoration (16ms)
Platform modules already initialized, skipping
Refreshing native plugins compatible for Editor in 1.18 ms, found 2 plugins.
Preloading 0 native plugins for Editor in 0.00 ms.
Unloading 1509 Unused Serialized files (Serialized files now loaded: 0)
System memory in use before: 70.9 MB.
System memory in use after: 71.0 MB.

Unloading 14 unused Assets to reduce memory usage. Loaded Objects now: 1982.
Total: 6.122400 ms (FindLiveObjects: 0.300800 ms CreateObjectMapping: 0.120300 ms MarkObjects: 5.653900 ms  DeleteObjects: 0.044800 ms)

AssetImportParameters requested are different than current active one (requested -> active):
  custom:framework-win-MediaFoundation: 216162199b28c13a410421893ffa2e32 -> 
  custom:video-decoder-ogg-theora: a1e56fd34408186e4bbccfd4996cb3dc -> 
  custom:container-muxer-webm: aa71ff27fc2769a1b78a27578f13a17b -> 
  custom:container-demuxer-webm: 4f35f7cbe854078d1ac9338744f61a02 -> 
  custom:container-demuxer-ogg: 62fdf1f143b41e24485cea50d1cbac27 -> 
  custom:video-encoder-webm-vp8: eb34c28f22e8b96e1ab97ce403110664 -> 
  custom:video-decoder-webm-vp8: 9c59270c3fd7afecdb556c50c9e8de78 -> 
  custom:audio-decoder-ogg-vorbis: bf7c407c2cedff20999df2af8eb42d56 -> 
  custom:audio-encoder-webm-vorbis: bf7c407c2cedff20999df2af8eb42d56 -> 
========================================================================
Received Import Request.
  Time since last request: 30.137320 seconds.
  path: Assets/Scripts/Pieces/Piece.cs
  artifactKey: Guid(fb7e25643dd0743c8a0b4a6814c7de1e) Importer(815301076,1909f56bfc062723c751e8b465ee728b)
Start importing Assets/Scripts/Pieces/Piece.cs using Guid(fb7e25643dd0743c8a0b4a6814c7de1e) Importer(815301076,1909f56bfc062723c751e8b465ee728b)  -> (artifact id: '19db5123625069b161fd13b0d48064a3') in 0.008771 seconds 
  Import took 0.013703 seconds .

========================================================================
Received Import Request.
  Time since last request: 6.292964 seconds.
  path: Assets/Scripts/Pieces/Queen.cs
  artifactKey: Guid(f31683863a35f41cf80e34dae54c1a89) Importer(815301076,1909f56bfc062723c751e8b465ee728b)
Start importing Assets/Scripts/Pieces/Queen.cs using Guid(f31683863a35f41cf80e34dae54c1a89) Importer(815301076,1909f56bfc062723c751e8b465ee728b)  -> (artifact id: 'acce29ef07083cc1176f13a8b7797456') in 0.004332 seconds 
  Import took 0.010649 seconds .

========================================================================
Received Import Request.
  Time since last request: 82.102641 seconds.
  path: Assets/Scripts/Pieces/Rook.cs
  artifactKey: Guid(3a80239f8d0914c9cb07dd15d315b344) Importer(815301076,1909f56bfc062723c751e8b465ee728b)
Start importing Assets/Scripts/Pieces/Rook.cs using Guid(3a80239f8d0914c9cb07dd15d315b344) Importer(815301076,1909f56bfc062723c751e8b465ee728b)  -> (artifact id: '0678facb6f373a744e61fb53a7d402eb') in 0.004979 seconds 
  Import took 0.011744 seconds .

========================================================================
Received Prepare
Registering precompiled user dll's ...
Registered in 0.007707 seconds.
Begin MonoManager ReloadAssembly
Native extension for WindowsStandalone target not found
Native extension for WebGL target not found
Refreshing native plugins compatible for Editor in 0.89 ms, found 2 plugins.
Preloading 0 native plugins for Editor in 0.00 ms.
Mono: successfully reloaded assembly
- Completed reload, in  2.988 seconds
Domain Reload Profiling:
	ReloadAssembly (2989ms)
		BeginReloadAssembly (298ms)
			ExecutionOrderSort (0ms)
			DisableScriptedObjects (13ms)
			BackupInstance (0ms)
			ReleaseScriptingObjects (0ms)
			CreateAndSetChildDomain (79ms)
		EndReloadAssembly (2403ms)
			LoadAssemblies (320ms)
			RebuildTransferFunctionScriptingTraits (0ms)
			SetupTypeCache (925ms)
			ReleaseScriptCaches (2ms)
			RebuildScriptCaches (108ms)
			SetupLoadedEditorAssemblies (778ms)
				LogAssemblyErrors (0ms)
				InitializePlatformSupportModulesInManaged (14ms)
				SetLoadedEditorAssemblies (1ms)
				RefreshPlugins (1ms)
				BeforeProcessingInitializeOnLoad (141ms)
				ProcessInitializeOnLoadAttributes (574ms)
				ProcessInitializeOnLoadMethodAttributes (27ms)
				AfterProcessingInitializeOnLoad (19ms)
				EditorAssembliesLoaded (1ms)
			ExecutionOrderSort2 (0ms)
			AwakeInstancesAfterBackupRestoration (25ms)
Platform modules already initialized, skipping
Refreshing native plugins compatible for Editor in 1.05 ms, found 2 plugins.
Preloading 0 native plugins for Editor in 0.00 ms.
Unloading 1509 Unused Serialized files (Serialized files now loaded: 0)
System memory in use before: 70.9 MB.
System memory in use after: 71.0 MB.

Unloading 14 unused Assets to reduce memory usage. Loaded Objects now: 1984.
Total: 7.131800 ms (FindLiveObjects: 0.310700 ms CreateObjectMapping: 0.121100 ms MarkObjects: 6.593000 ms  DeleteObjects: 0.103600 ms)

AssetImportParameters requested are different than current active one (requested -> active):
  custom:framework-win-MediaFoundation: 216162199b28c13a410421893ffa2e32 -> 
  custom:video-decoder-ogg-theora: a1e56fd34408186e4bbccfd4996cb3dc -> 
  custom:container-muxer-webm: aa71ff27fc2769a1b78a27578f13a17b -> 
  custom:container-demuxer-webm: 4f35f7cbe854078d1ac9338744f61a02 -> 
  custom:container-demuxer-ogg: 62fdf1f143b41e24485cea50d1cbac27 -> 
  custom:video-encoder-webm-vp8: eb34c28f22e8b96e1ab97ce403110664 -> 
  custom:video-decoder-webm-vp8: 9c59270c3fd7afecdb556c50c9e8de78 -> 
  custom:audio-decoder-ogg-vorbis: bf7c407c2cedff20999df2af8eb42d56 -> 
  custom:audio-encoder-webm-vorbis: bf7c407c2cedff20999df2af8eb42d56 -> 
========================================================================
Received Import Request.
  Time since last request: 116.127953 seconds.
  path: Assets/Scripts/Pieces/Rook.cs
  artifactKey: Guid(3a80239f8d0914c9cb07dd15d315b344) Importer(815301076,1909f56bfc062723c751e8b465ee728b)
Start importing Assets/Scripts/Pieces/Rook.cs using Guid(3a80239f8d0914c9cb07dd15d315b344) Importer(815301076,1909f56bfc062723c751e8b465ee728b)  -> (artifact id: '22f57473fda971afb828650d067f548f') in 0.015052 seconds 
  Import took 0.023984 seconds .

========================================================================
Received Prepare
Registering precompiled user dll's ...
Registered in 0.007074 seconds.
Begin MonoManager ReloadAssembly
Native extension for WindowsStandalone target not found
Native extension for WebGL target not found
Refreshing native plugins compatible for Editor in 0.86 ms, found 2 plugins.
Preloading 0 native plugins for Editor in 0.00 ms.
Mono: successfully reloaded assembly
- Completed reload, in  2.362 seconds
Domain Reload Profiling:
	ReloadAssembly (2363ms)
		BeginReloadAssembly (301ms)
			ExecutionOrderSort (0ms)
			DisableScriptedObjects (15ms)
			BackupInstance (0ms)
			ReleaseScriptingObjects (0ms)
			CreateAndSetChildDomain (77ms)
		EndReloadAssembly (1883ms)
			LoadAssemblies (275ms)
			RebuildTransferFunctionScriptingTraits (0ms)
			SetupTypeCache (703ms)
			ReleaseScriptCaches (2ms)
			RebuildScriptCaches (94ms)
			SetupLoadedEditorAssemblies (651ms)
				LogAssemblyErrors (0ms)
				InitializePlatformSupportModulesInManaged (13ms)
				SetLoadedEditorAssemblies (1ms)
				RefreshPlugins (1ms)
				BeforeProcessingInitializeOnLoad (117ms)
				ProcessInitializeOnLoadAttributes (478ms)
				ProcessInitializeOnLoadMethodAttributes (21ms)
				AfterProcessingInitializeOnLoad (18ms)
				EditorAssembliesLoaded (1ms)
			ExecutionOrderSort2 (0ms)
			AwakeInstancesAfterBackupRestoration (17ms)
Platform modules already initialized, skipping
Refreshing native plugins compatible for Editor in 0.86 ms, found 2 plugins.
Preloading 0 native plugins for Editor in 0.00 ms.
Unloading 1509 Unused Serialized files (Serialized files now loaded: 0)
System memory in use before: 70.9 MB.
System memory in use after: 71.0 MB.

Unloading 14 unused Assets to reduce memory usage. Loaded Objects now: 1986.
Total: 6.034300 ms (FindLiveObjects: 0.298600 ms CreateObjectMapping: 0.121400 ms MarkObjects: 5.557400 ms  DeleteObjects: 0.054100 ms)

AssetImportParameters requested are different than current active one (requested -> active):
  custom:framework-win-MediaFoundation: 216162199b28c13a410421893ffa2e32 -> 
  custom:video-decoder-ogg-theora: a1e56fd34408186e4bbccfd4996cb3dc -> 
  custom:container-muxer-webm: aa71ff27fc2769a1b78a27578f13a17b -> 
  custom:container-demuxer-webm: 4f35f7cbe854078d1ac9338744f61a02 -> 
  custom:container-demuxer-ogg: 62fdf1f143b41e24485cea50d1cbac27 -> 
  custom:video-encoder-webm-vp8: eb34c28f22e8b96e1ab97ce403110664 -> 
  custom:video-decoder-webm-vp8: 9c59270c3fd7afecdb556c50c9e8de78 -> 
  custom:audio-decoder-ogg-vorbis: bf7c407c2cedff20999df2af8eb42d56 -> 
  custom:audio-encoder-webm-vorbis: bf7c407c2cedff20999df2af8eb42d56 -> 
========================================================================
Received Prepare
Registering precompiled user dll's ...
Registered in 0.010352 seconds.
Begin MonoManager ReloadAssembly
Native extension for WindowsStandalone target not found
Native extension for WebGL target not found
Refreshing native plugins compatible for Editor in 0.86 ms, found 2 plugins.
Preloading 0 native plugins for Editor in 0.00 ms.
Mono: successfully reloaded assembly
- Completed reload, in  2.365 seconds
Domain Reload Profiling:
	ReloadAssembly (2367ms)
		BeginReloadAssembly (293ms)
			ExecutionOrderSort (0ms)
			DisableScriptedObjects (15ms)
			BackupInstance (0ms)
			ReleaseScriptingObjects (0ms)
			CreateAndSetChildDomain (74ms)
		EndReloadAssembly (1906ms)
			LoadAssemblies (261ms)
			RebuildTransferFunctionScriptingTraits (0ms)
			SetupTypeCache (632ms)
			ReleaseScriptCaches (2ms)
			RebuildScriptCaches (91ms)
			SetupLoadedEditorAssemblies (753ms)
				LogAssemblyErrors (0ms)
				InitializePlatformSupportModulesInManaged (13ms)
				SetLoadedEditorAssemblies (1ms)
				RefreshPlugins (1ms)
				BeforeProcessingInitializeOnLoad (139ms)
				ProcessInitializeOnLoadAttributes (538ms)
				ProcessInitializeOnLoadMethodAttributes (37ms)
				AfterProcessingInitializeOnLoad (23ms)
				EditorAssembliesLoaded (1ms)
			ExecutionOrderSort2 (0ms)
			AwakeInstancesAfterBackupRestoration (20ms)
Platform modules already initialized, skipping
Refreshing native plugins compatible for Editor in 0.86 ms, found 2 plugins.
Preloading 0 native plugins for Editor in 0.00 ms.
Unloading 1509 Unused Serialized files (Serialized files now loaded: 0)
System memory in use before: 70.9 MB.
System memory in use after: 71.0 MB.

Unloading 14 unused Assets to reduce memory usage. Loaded Objects now: 1988.
Total: 6.462300 ms (FindLiveObjects: 0.297700 ms CreateObjectMapping: 0.118400 ms MarkObjects: 5.992400 ms  DeleteObjects: 0.050400 ms)

AssetImportParameters requested are different than current active one (requested -> active):
  custom:framework-win-MediaFoundation: 216162199b28c13a410421893ffa2e32 -> 
  custom:video-decoder-ogg-theora: a1e56fd34408186e4bbccfd4996cb3dc -> 
  custom:container-muxer-webm: aa71ff27fc2769a1b78a27578f13a17b -> 
  custom:container-demuxer-webm: 4f35f7cbe854078d1ac9338744f61a02 -> 
  custom:container-demuxer-ogg: 62fdf1f143b41e24485cea50d1cbac27 -> 
  custom:video-encoder-webm-vp8: eb34c28f22e8b96e1ab97ce403110664 -> 
  custom:video-decoder-webm-vp8: 9c59270c3fd7afecdb556c50c9e8de78 -> 
  custom:audio-decoder-ogg-vorbis: bf7c407c2cedff20999df2af8eb42d56 -> 
  custom:audio-encoder-webm-vorbis: bf7c407c2cedff20999df2af8eb42d56 -> 
AssetImportWorkerClient::OnTransportError - code=2 error=End of file
